{"D:\\College\\UH\\SP2022\\COSC4353\\project\\assignment3\\back-end\\app\\quotecalculator.js": {"path":"D:\\College\\UH\\SP2022\\COSC4353\\project\\assignment3\\back-end\\app\\quotecalculator.js","statementMap":{"0":{"start":{"line":9,"column":4},"end":{"line":9,"column":73}},"1":{"start":{"line":13,"column":4},"end":{"line":13,"column":27}},"2":{"start":{"line":15,"column":4},"end":{"line":15,"column":28}},"3":{"start":{"line":18,"column":0},"end":{"line":18,"column":35}}},"fnMap":{"0":{"name":"margin","decl":{"start":{"line":1,"column":9},"end":{"line":1,"column":15}},"loc":{"start":{"line":1,"column":76},"end":{"line":11,"column":1}},"line":1},"1":{"name":"totaldue","decl":{"start":{"line":12,"column":9},"end":{"line":12,"column":17}},"loc":{"start":{"line":12,"column":36},"end":{"line":16,"column":1}},"line":12}},"branchMap":{},"s":{"0":2,"1":1,"2":1,"3":1},"f":{"0":2,"1":1},"b":{},"_coverageSchema":"1a1c01bbd47fc00a2c39e90264f33305004495a9","hash":"2754fe87c7de0931363ba26d7522cc0349c422af"}
,"D:\\College\\UH\\SP2022\\COSC4353\\project\\assignment3\\back-end\\app\\config\\db.config.js": {"path":"D:\\College\\UH\\SP2022\\COSC4353\\project\\assignment3\\back-end\\app\\config\\db.config.js","statementMap":{"0":{"start":{"line":1,"column":0},"end":{"line":13,"column":4}}},"fnMap":{},"branchMap":{},"s":{"0":1},"f":{},"b":{},"_coverageSchema":"1a1c01bbd47fc00a2c39e90264f33305004495a9","hash":"34a4365e87c50afe03f7b43a06f4e0e22f68acee"}
,"D:\\College\\UH\\SP2022\\COSC4353\\project\\assignment3\\back-end\\app\\models\\index.js": {"path":"D:\\College\\UH\\SP2022\\COSC4353\\project\\assignment3\\back-end\\app\\models\\index.js","statementMap":{"0":{"start":{"line":1,"column":17},"end":{"line":1,"column":50}},"1":{"start":{"line":2,"column":18},"end":{"line":2,"column":38}},"2":{"start":{"line":3,"column":18},"end":{"line":13,"column":2}},"3":{"start":{"line":15,"column":11},"end":{"line":15,"column":13}},"4":{"start":{"line":17,"column":0},"end":{"line":17,"column":25}},"5":{"start":{"line":18,"column":0},"end":{"line":18,"column":25}},"6":{"start":{"line":20,"column":0},"end":{"line":20,"column":60}},"7":{"start":{"line":21,"column":0},"end":{"line":21,"column":62}},"8":{"start":{"line":23,"column":0},"end":{"line":23,"column":20}}},"fnMap":{},"branchMap":{},"s":{"0":1,"1":1,"2":1,"3":1,"4":1,"5":1,"6":1,"7":1,"8":1},"f":{},"b":{},"_coverageSchema":"1a1c01bbd47fc00a2c39e90264f33305004495a9","hash":"6d144160614a945e8fdde83d2aa451978da57a0c"}
,"D:\\College\\UH\\SP2022\\COSC4353\\project\\assignment3\\back-end\\app\\models\\quote.model.js": {"path":"D:\\College\\UH\\SP2022\\COSC4353\\project\\assignment3\\back-end\\app\\models\\quote.model.js","statementMap":{"0":{"start":{"line":1,"column":0},"end":{"line":37,"column":2}},"1":{"start":{"line":2,"column":4},"end":{"line":36,"column":7}}},"fnMap":{"0":{"name":"(anonymous_0)","decl":{"start":{"line":1,"column":17},"end":{"line":1,"column":18}},"loc":{"start":{"line":1,"column":43},"end":{"line":37,"column":1}},"line":1}},"branchMap":{},"s":{"0":1,"1":1},"f":{"0":1},"b":{},"_coverageSchema":"1a1c01bbd47fc00a2c39e90264f33305004495a9","hash":"838b6bf5271686b0f248716390bc8f278ca0c736"}
,"D:\\College\\UH\\SP2022\\COSC4353\\project\\assignment3\\back-end\\app\\models\\user.model.js": {"path":"D:\\College\\UH\\SP2022\\COSC4353\\project\\assignment3\\back-end\\app\\models\\user.model.js","statementMap":{"0":{"start":{"line":2,"column":18},"end":{"line":53,"column":1}},"1":{"start":{"line":3,"column":4},"end":{"line":52,"column":7}},"2":{"start":{"line":55,"column":0},"end":{"line":55,"column":27}}},"fnMap":{"0":{"name":"(anonymous_0)","decl":{"start":{"line":2,"column":18},"end":{"line":2,"column":19}},"loc":{"start":{"line":2,"column":44},"end":{"line":53,"column":1}},"line":2}},"branchMap":{},"s":{"0":1,"1":1,"2":1},"f":{"0":1},"b":{},"_coverageSchema":"1a1c01bbd47fc00a2c39e90264f33305004495a9","hash":"373a09164c4da63dce328a4400536e21516e8749"}
}
